  -15374.2002       0.00000000    
  -15332.5000       0.00000000    
  -15290.7998       0.00000000    
  -15249.0996       0.00000000    
  -15207.2998       0.00000000    
  -15165.5996       0.00000000    
  -15123.9004       0.00000000    
  -15082.2002       0.00000000    
  -15040.5000       0.00000000    
  -14998.7002       0.00000000    
  -14957.0000       0.00000000    
  -14915.2998       0.00000000    
  -14873.5996       0.00000000    
  -14831.9004       0.00000000    
  -14790.0996       0.00000000    
  -14748.4004       0.00000000    
  -14706.7002       0.00000000    
  -14665.0000       0.00000000    
  -14623.2998       0.00000000    
  -14581.5996       0.00000000    
  -14539.7998       0.00000000    
  -14498.0996       0.00000000    
  -14456.4004       0.00000000    
  -14414.7002       0.00000000    
  -14373.0000       0.00000000    
  -14331.2998       0.00000000    
  -14289.5000       0.00000000    
  -14247.7998       0.00000000    
  -14206.0996       0.00000000    
  -14164.4004       0.00000000    
  -14122.7002       0.00000000    
  -14081.0000       0.00000000    
  -14039.2002       0.00000000    
  -13997.5000       0.00000000    
  -13955.7998       0.00000000    
  -13914.0996       0.00000000    
  -13872.4004       0.00000000    
  -13830.7002       0.00000000    
  -13788.9004       0.00000000    
  -13747.2002       0.00000000    
  -13705.5000       0.00000000    
  -13663.7998       0.00000000    
  -13622.0996       0.00000000    
  -13580.4004       0.00000000    
  -13538.5996       0.00000000    
  -13496.9004       0.00000000    
  -13455.2002       0.00000000    
  -13413.5000       0.00000000    
  -13371.7998       0.00000000    
  -13330.0996       0.00000000    
  -13288.2998       0.00000000    
  -13246.5996       0.00000000    
  -13204.9004       0.00000000    
  -13163.2002       0.00000000    
  -13121.5000       0.00000000    
  -13079.7002       0.00000000    
  -13038.0000       0.00000000    
  -12996.2998       0.00000000    
  -12954.5996       0.00000000    
  -12912.9004       0.00000000    
  -12871.2002       0.00000000    
  -12829.4004       0.00000000    
  -12787.7002       0.00000000    
  -12746.0000       0.00000000    
  -12704.2998       0.00000000    
  -12662.5996       0.00000000    
  -12620.9004       0.00000000    
  -12579.0996       0.00000000    
  -12537.4004       0.00000000    
  -12495.7002       0.00000000    
  -12454.0000       0.00000000    
  -12412.2998       0.00000000    
  -12370.5996       0.00000000    
  -12328.7998       0.00000000    
  -12287.0996       0.00000000    
  -12245.4004       0.00000000    
  -12203.7002       0.00000000    
  -12162.0000       0.00000000    
  -12120.2002       0.00000000    
  -12078.5000       0.00000000    
  -12036.7998       0.00000000    
  -11995.0996       0.00000000    
  -11953.4004       0.00000000    
  -11911.7002       0.00000000    
  -11869.9004       0.00000000    
  -11828.2002       0.00000000    
  -11786.5000       0.00000000    
  -11744.7998       0.00000000    
  -11703.0996       0.00000000    
  -11661.4004       0.00000000    
  -11619.5996       0.00000000    
  -11577.9004       0.00000000    
  -11536.2002       0.00000000    
  -11494.5000       0.00000000    
  -11452.7998       0.00000000    
  -11411.0000       0.00000000    
  -11369.2998       0.00000000    
  -11327.5996       0.00000000    
  -11285.9004       0.00000000    
  -11244.2002       0.00000000    
  -11202.5000       0.00000000    
  -11160.7002       0.00000000    
  -11119.0000       0.00000000    
  -11077.2998       0.00000000    
  -11035.5996       0.00000000    
  -10993.9004       0.00000000    
  -10952.0996       0.00000000    
  -10910.4004       0.00000000    
  -10868.7002       0.00000000    
  -10827.0000       0.00000000    
  -10785.2998       0.00000000    
  -10743.5000       0.00000000    
  -10701.7998       0.00000000    
  -10660.0996       0.00000000    
  -10618.4004       0.00000000    
  -10576.7002       0.00000000    
  -10535.0000       0.00000000    
  -10493.2002       0.00000000    
  -10451.5000       0.00000000    
  -10409.7998       0.00000000    
  -10368.0996       0.00000000    
  -10326.4004       0.00000000    
  -10284.7002       0.00000000    
  -10242.9004       0.00000000    
  -10201.2002       0.00000000    
  -10159.5000       0.00000000    
  -10117.7998       0.00000000    
  -10076.0996       0.00000000    
  -10034.4004       0.00000000    
  -9992.65039       0.00000000    
  -9950.92969       0.00000000    
  -9909.20996       0.00000000    
  -9867.50000       0.00000000    
  -9825.78027       0.00000000    
  -9784.05957       0.00000000    
  -9742.33984       0.00000000    
  -9700.62988       0.00000000    
  -9658.91016       0.00000000    
  -9617.19043       0.00000000    
  -9575.48047       0.00000000    
  -9533.75977       0.00000000    
  -9492.04004       0.00000000    
  -9450.33008       0.00000000    
  -9408.61035       0.00000000    
  -9366.88965       0.00000000    
  -9325.17969       0.00000000    
  -9283.45996       0.00000000    
  -9241.74023       0.00000000    
  -9200.03027       0.00000000    
  -9158.30957       0.00000000    
  -9116.58984       0.00000000    
  -9074.87988       0.00000000    
  -9033.16016       0.00000000    
  -8991.44043       0.00000000    
  -8949.71973       0.00000000    
  -8907.99023       0.00000000    
  -8866.26953       0.00000000    
  -8824.54980       0.00000000    
  -8782.83984       0.00000000    
  -8741.12012       0.00000000    
  -8699.40039       0.00000000    
  -8657.67969       0.00000000    
  -8615.96973       0.00000000    
  -8574.25000       0.00000000    
  -8532.53027       0.00000000    
  -8490.82031       0.00000000    
  -8449.09961       0.00000000    
  -8407.37988       0.00000000    
  -8365.66992       0.00000000    
  -8323.95020       0.00000000    
  -8282.23047       0.00000000    
  -8240.51953       0.00000000    
  -8198.79980       0.00000000    
  -8157.08008       0.00000000    
  -8115.37012       0.00000000    
  -8073.64990       0.00000000    
  -8031.93018       0.00000000    
  -7990.22021       0.00000000    
  -7948.50000       0.00000000    
  -7906.77979       0.00000000    
  -7865.06006       0.00000000    
  -7823.35010       0.00000000    
  -7781.60986       0.00000000    
  -7739.89014       0.00000000    
  -7698.18018       0.00000000    
  -7656.45996       0.00000000    
  -7614.74023       0.00000000    
  -7573.02002       0.00000000    
  -7531.31006       0.00000000    
  -7489.58984       0.00000000    
  -7447.87012       0.00000000    
  -7406.16016       0.00000000    
  -7364.43994       0.00000000    
  -7322.72021       0.00000000    
  -7281.00977       0.00000000    
  -7239.29004       0.00000000    
  -7197.56982       0.00000000    
  -7155.85986       0.00000000    
  -7114.14014       0.00000000    
  -7072.41992       0.00000000    
  -7030.70996       0.00000000    
  -6988.99023       0.00000000    
  -6947.27002       0.00000000    
  -6905.56006       0.00000000    
  -6863.83984       0.00000000    
  -6822.10010       0.00000000    
  -6780.37988       0.00000000    
  -6738.66992       0.00000000    
  -6696.95020       0.00000000    
  -6655.22998       0.00000000    
  -6613.50977       0.00000000    
  -6571.79980       0.00000000    
  -6530.08008       0.00000000    
  -6488.35986       0.00000000    
  -6446.64990       0.00000000    
  -6404.93018       0.00000000    
  -6363.20996       0.00000000    
  -6321.50000       0.00000000    
  -6279.77979       0.00000000    
  -6238.06006       0.00000000    
  -6196.35010       0.00000000    
  -6154.62988       0.00000000    
  -6112.91016       0.00000000    
  -6071.20020       0.00000000    
  -6029.47998       0.00000000    
  -5987.75977       0.00000000    
  -5946.04004       0.00000000    
  -5904.33008       0.00000000    
  -5862.60986       0.00000000    
  -5820.89990       0.00000000    
  -5779.18018       0.00000000    
  -5737.45996       0.00000000    
  -5695.74023       0.00000000    
  -5654.02979       0.00000000    
  -5612.31006       0.00000000    
  -5570.58984       0.00000000    
  -5528.87988       0.00000000    
  -5487.16016       0.00000000    
  -5445.43994       0.00000000    
  -5403.72998       0.00000000    
  -5362.00977       0.00000000    
  -5320.29004       0.00000000    
  -5278.58008       0.00000000    
  -5236.85986       0.00000000    
  -5195.14014       0.00000000    
  -5153.43018       0.00000000    
  -5111.70996       0.00000000    
  -5069.99023       0.00000000    
  -5028.27002       0.00000000    
  -4986.56006       0.00000000    
  -4944.83984       0.00000000    
  -4903.12012       0.00000000    
  -4861.41016       0.00000000    
  -4819.68994       0.00000000    
  -4777.95020       0.00000000    
  -4736.22998       0.00000000    
  -4694.52002       0.00000000    
  -4652.79980       0.00000000    
  -4611.08008       0.00000000    
  -4569.37012       0.00000000    
  -4527.64990       0.00000000    
  -4485.93018       0.00000000    
  -4444.22021       0.00000000    
  -4402.50000       0.00000000    
  -4360.77979       0.00000000    
  -4319.06982       0.00000000    
  -4277.35010       0.00000000    
  -4235.62988       0.00000000    
  -4193.91992       0.00000000    
  -4152.20020       0.00000000    
  -4110.47998       0.00000000    
  -4068.76001       0.00000000    
  -4027.03003       0.00000000    
  -3985.31006       0.00000000    
  -3943.59009       0.00000000    
  -3901.87988       0.00000000    
  -3860.15991       0.00000000    
  -3818.43994       0.00000000    
  -3776.71997       0.00000000    
  -3735.01001       0.00000000    
  -3693.29004       0.00000000    
  -3651.57007       0.00000000    
  -3609.86011       0.00000000    
  -3568.13989       0.00000000    
  -3526.41992       0.00000000    
  -3484.70996       0.00000000    
  -3442.98999       0.00000000    
  -3401.27002       0.00000000    
  -3359.56006       0.00000000    
  -3317.84009       0.00000000    
  -3276.12012       0.00000000    
  -3234.40991       0.00000000    
  -3192.68994       0.00000000    
  -3150.96997       0.00000000    
  -3109.26001       0.00000000    
  -3067.54004       0.00000000    
  -3025.82007       0.00000000    
  -2984.10010       0.00000000    
  -2942.38989       0.00000000    
  -2900.66992       0.00000000    
  -2858.94995       0.00000000    
  -2817.23999       0.00000000    
  -2775.52002       0.00000000    
  -2733.80005       0.00000000    
  -2692.06006       0.00000000    
  -2650.35010       0.00000000    
  -2608.62988       0.00000000    
  -2566.90991       0.00000000    
  -2525.19995       0.00000000    
  -2483.47998       0.00000000    
  -2441.76001       0.00000000    
  -2400.05005       0.00000000    
  -2358.33008       0.00000000    
  -2316.61011       0.00000000    
  -2274.89990       0.00000000    
  -2233.17993       0.00000000    
  -2191.45996       0.00000000    
  -2149.75000       0.00000000    
  -2108.03003       0.00000000    
  -2066.31006       0.00000000    
  -2024.59998       0.00000000    
  -1982.88000       0.00000000    
  -1941.16003       0.00000000    
  -1899.43994       0.00000000    
  -1857.72998       0.00000000    
  -1816.01001       0.00000000    
  -1774.29004       0.00000000    
  -1732.57996       0.00000000    
  -1690.85999       0.00000000    
  -1649.14001       0.00000000    
  -1607.43005       0.00000000    
  -1565.70996       0.00000000    
  -1523.98999       0.00000000    
  -1482.28003       0.00000000    
  -1440.56006       0.00000000    
  -1398.83997       0.00000000    
  -1357.13000       0.00000000    
  -1315.41003       0.00000000    
  -1273.68994       0.00000000    
  -1231.96997       0.00000000    
  -1190.26001       0.00000000    
  -1148.54004       0.00000000    
  -1106.81995       0.00000000    
  -1065.10999       0.00000000    
  -1023.39001       0.00000000    
  -981.674011       0.00000000    
  -939.956970       0.00000000    
  -898.239990       0.00000000    
  -856.523010       0.00000000    
  -814.807007       0.00000000    
  -773.090027       0.00000000    
  -731.372986       0.00000000    
  -689.656006       0.00000000    
  -647.916992       0.00000000    
  -606.200012       0.00000000    
  -564.482971       0.00000000    
  -522.765991       0.00000000    
  -481.049011       0.00000000    
  -439.333008       0.00000000    
  -397.615997       0.00000000    
  -355.898987       0.00000000    
  -314.182007       0.00000000    
  -272.442993       0.00000000    
  -230.725998       0.00000000    
  -189.009003       0.00000000    
  -147.292007       0.00000000    
  -105.575996       0.00000000    
  -63.8586998       0.00000000    
  -22.1417999       0.00000000    
   19.5750008       0.00000000    
   61.2918015       0.00000000    
   103.009003       0.00000000    
   144.725998       0.00000000    
   186.442001       0.00000000    
   228.158997       0.00000000    
   269.876007       0.00000000    
   311.592987       0.00000000    
   353.309998       0.00000000    
   395.027008       0.00000000    
   436.743011       0.00000000    
   478.459991       0.00000000    
   520.177002       0.00000000    
   561.893982       0.00000000    
   603.611023       0.00000000    
   645.328003       0.00000000    
   687.044006       0.00000000    
   728.760986       0.00000000    
   770.478027       0.00000000    
   812.195007       0.00000000    
   853.911987       0.00000000    
   895.629028       0.00000000    
   937.346008       0.00000000    
   979.062012       0.00000000    
   1020.78003       0.00000000    
   1062.50000       0.00000000    
   1104.20996       0.00000000    
   1145.93005       0.00000000    
   1187.65002       0.00000000    
   1229.35999       0.00000000    
   1271.07996       0.00000000    
   1312.80005       0.00000000    
   1354.51001       0.00000000    
   1396.22998       0.00000000    
   1437.96997       0.00000000    
   1479.68994       0.00000000    
   1521.40002       0.00000000    
   1563.12000       0.00000000    
   1604.83997       0.00000000    
   1646.55005       0.00000000    
   1688.27002       0.00000000    
   1729.98999       0.00000000    
   1771.69995       0.00000000    
   1813.42004       0.00000000    
   1855.14001       0.00000000    
   1896.85999       0.00000000    
   1938.56995       0.00000000    
   1980.29004       0.00000000    
   2022.01001       0.00000000    
   2063.71997       0.00000000    
   2105.43994       0.00000000    
   2147.15991       0.00000000    
   2188.87012       0.00000000    
   2230.59009       0.00000000    
   2272.31006       0.00000000    
   2314.02002       0.00000000    
   2355.73999       0.00000000    
   2397.45996       0.00000000    
   2439.16992       0.00000000    
   2480.88989       0.00000000    
   2522.61011       0.00000000    
   2564.32007       0.00000000    
   2606.04004       0.00000000    
   2647.76001       0.00000000    
   2689.47998       0.00000000    
   2731.18994       0.00000000    
   2772.90991       0.00000000    
   2814.62988       0.00000000    
   2856.34009       0.00000000    
   2898.06006       0.00000000    
   2939.78003       0.00000000    
   2981.48999       0.00000000    
   3023.20996       0.00000000    
   3064.92993       0.00000000    
   3106.63989       0.00000000    
   3148.36011       0.00000000    
   3190.08008       0.00000000    
   3231.79004       0.00000000    
   3273.51001       0.00000000    
   3315.22998       0.00000000    
   3356.94995       0.00000000    
   3398.65991       0.00000000    
   3440.37988       0.00000000    
   3482.12012       0.00000000    
   3523.86011       0.00000000    
   3565.57007       0.00000000    
   3607.29004       0.00000000    
   3649.01001       0.00000000    
   3690.71997       0.00000000    
   3732.43994       0.00000000    
   3774.15991       0.00000000    
   3815.87012       0.00000000    
   3857.59009       0.00000000    
   3899.31006       0.00000000    
   3941.03003       0.00000000    
   3982.73999       0.00000000    
   4024.45996       0.00000000    
   4066.17993       0.00000000    
   4107.89014       0.00000000    
   4149.60986       0.00000000    
   4191.33008       0.00000000    
   4233.04004       0.00000000    
   4274.75977       0.00000000    
   4316.47998       0.00000000    
   4358.18994       0.00000000    
   4399.91016       0.00000000    
   4441.62988       0.00000000    
   4483.33984       0.00000000    
   4525.06006       0.00000000    
   4566.77979       0.00000000    
   4608.49023       0.00000000    
   4650.20996       0.00000000    
   4691.93018       0.00000000    
   4733.64990       0.00000000    
   4775.35986       0.00000000    
   4817.08008       0.00000000    
   4858.79980       0.00000000    
   4900.50977       0.00000000    
   4942.22998       0.00000000    
   4983.95020       0.00000000    
   5025.66016       0.00000000    
   5067.37988       0.00000000    
   5109.10010       0.00000000    
   5150.81006       0.00000000    
   5192.52979       0.00000000    
   5234.25000       0.00000000    
   5275.95996       0.00000000    
   5317.68018       0.00000000    
   5359.39990       0.00000000    
   5401.10986       0.00000000    
   5442.83008       0.00000000    
   5484.54980       0.00000000    
   5526.27002       0.00000000    
   5567.97998       0.00000000    
   5609.72021       0.00000000    
   5651.43994       0.00000000    
   5693.14990       0.00000000    
   5734.87012       0.00000000    
   5776.58984       0.00000000    
   5818.31006       0.00000000    
   5860.02002       0.00000000    
   5901.74023       0.00000000    
   5943.45996       0.00000000    
   5985.16992       0.00000000    
   6026.89014       0.00000000    
   6068.60986       0.00000000    
   6110.31982       0.00000000    
   6152.04004       0.00000000    
   6193.75977       0.00000000    
   6235.47021       0.00000000    
   6277.18994       0.00000000    
   6318.91016       0.00000000    
   6360.62012       0.00000000    
   6402.33984       0.00000000    
   6444.06006       0.00000000    
   6485.77979       0.00000000    
   6527.49023       0.00000000    
   6569.20996       0.00000000    
   6610.93018       0.00000000    
   6652.64014       0.00000000    
   6694.35986       0.00000000    
   6736.08008       0.00000000    
   6777.79004       0.00000000    
   6819.50977       0.00000000    
   6861.22998       0.00000000    
   6902.93994       0.00000000    
   6944.66016       0.00000000    
   6986.37988       0.00000000    
   7028.08984       0.00000000    
   7069.81006       0.00000000    
   7111.52979       0.00000000    
   7153.24023       0.00000000    
   7194.95996       0.00000000    
   7236.70020       0.00000000    
   7278.41992       0.00000000    
   7320.12988       0.00000000    
   7361.85010       0.00000000    
   7403.56982       0.00000000    
   7445.29004       0.00000000    
   7487.00000       0.00000000    
   7528.72021       0.00000000    
   7570.43994       0.00000000    
   7612.14990       0.00000000    
   7653.87012       0.00000000    
   7695.60986       0.00000000    
   7737.33008       0.00000000    
   7779.04004       0.00000000    
   7820.75977       0.00000000    
   7862.47998       0.00000000    
   7904.18994       0.00000000    
   7945.91016       0.00000000    
   7987.62988       0.00000000    
   8029.33984       0.00000000    
   8071.06006       0.00000000    
   8112.77979       0.00000000    
   8154.49023       0.00000000    
   8196.20996       0.00000000    
   8237.92969       0.00000000    
   8279.63965       0.00000000    
   8321.36035       0.00000000    
   8363.08008       0.00000000    
   8404.79004       0.00000000    
   8446.50977       0.00000000    
   8488.23047       0.00000000    
   8529.95020       0.00000000    
   8571.66016       0.00000000    
   8613.37988       0.00000000    
   8655.09961       0.00000000    
   8696.80957       0.00000000    
   8738.53027       0.00000000    
   8780.25000       0.00000000    
   8821.95996       0.00000000    
   8863.67969       0.00000000    
   8905.40039       0.00000000    
   8947.11035       0.00000000    
   8988.83008       0.00000000    
   9030.54980       0.00000000    
