   674.656921       8273.79395       0.00000000    
   674.618103       8256.54492       0.00000000    
   674.579285       8239.29492       0.00000000    
   674.540405       8222.01172       0.00000000    
   674.501526       8204.73633       0.00000000    
   674.462646       8187.45947       0.00000000    
   674.423767       8170.16992       0.00000000    
   674.385010       8152.95068       0.00000000    
   674.346130       8135.66797       0.00000000    
   674.307312       8118.40332       0.00000000    
   674.268494       8101.14697       0.00000000    
   674.229614       8083.85791       0.00000000    
   674.190857       8066.62842       0.00000000    
   674.151978       8049.33447       0.00000000    
   674.113220       8032.10107       0.00000000    
   674.074402       8014.84473       0.00000000    
   674.035583       7997.57666       0.00000000    
   673.996826       7980.33740       0.00000000    
   673.958008       7963.07422       0.00000000    
   673.919250       7945.83057       0.00000000    
   673.880493       7928.58496       0.00000000    
   673.841736       7911.34766       0.00000000    
   673.802917       7894.07715       0.00000000    
   673.764160       7876.83545       0.00000000    
   673.725403       7859.58154       0.00000000    
   673.686646       7842.33594       0.00000000    
   673.647888       7825.08887       0.00000000    
   673.609131       7807.83838       0.00000000    
   673.570374       7790.59717       0.00000000    
   673.531616       7773.34326       0.00000000    
   673.492920       7756.11865       0.00000000    
   673.454224       7738.89160       0.00000000    
   673.415466       7721.63135       0.00000000    
   673.376709       7704.38037       0.00000000    
   673.338013       7687.15771       0.00000000    
   673.299316       7669.92285       0.00000000    
   673.260559       7652.66455       0.00000000    
   673.221863       7635.43604       0.00000000    
   673.183167       7618.19482       0.00000000    
   673.144470       7600.96240       0.00000000    
   673.105835       7583.75830       0.00000000    
   673.067078       7566.49023       0.00000000    
   673.028442       7549.28223       0.00000000    
   672.989746       7532.04150       0.00000000    
   672.951050       7514.80908       0.00000000    
   672.912354       7497.56348       0.00000000    
   672.873657       7480.32764       0.00000000    
   672.835083       7463.14014       0.00000000    
   672.796448       7445.91992       0.00000000    
   672.757751       7428.67773       0.00000000    
   672.719116       7411.45312       0.00000000    
   672.680420       7394.20654       0.00000000    
   672.641785       7376.98877       0.00000000    
   672.603210       7359.80029       0.00000000    
   672.564575       7342.56787       0.00000000    
   672.525940       7325.34424       0.00000000    
   672.487305       7308.12891       0.00000000    
   672.448669       7290.90088       0.00000000    
   672.410034       7273.67090       0.00000000    
   672.371521       7256.50098       0.00000000    
   672.332947       7239.29834       0.00000000    
   672.294312       7222.07227       0.00000000    
   672.255676       7204.83398       0.00000000    
   672.217102       7187.63574       0.00000000    
   672.178589       7170.45557       0.00000000    
   672.139954       7153.22168       0.00000000    
   672.101318       7135.98584       0.00000000    
   672.062805       7118.80029       0.00000000    
   672.024170       7101.57080       0.00000000    
   671.985718       7084.41162       0.00000000    
   671.947083       7067.16797       0.00000000    
   671.908569       7049.98438       0.00000000    
   671.869934       7032.74707       0.00000000    
   671.831482       7015.57910       0.00000000    
   671.792908       6998.36914       0.00000000    
   671.754395       6981.17773       0.00000000    
   671.715820       6963.96240       0.00000000    
   671.677368       6946.79834       5.88571420E-03
   671.638855       6929.60059       0.00000000    
   671.600281       6912.37988       0.00000000    
   671.561707       6895.15723       0.00000000    
   671.523193       6877.96387       0.00000000    
   671.484741       6860.78857       5.88571420E-03
   671.446228       6843.59180       0.00000000    
   671.407715       6826.39209       0.00000000    
   671.369202       6809.19092       5.88571420E-03
   671.330750       6792.01855       5.88571420E-03
   671.292236       6774.82275       0.00000000    
   671.253784       6757.64648       5.88571420E-03
   671.215393       6740.48975       0.00000000    
   671.176880       6723.28760       5.88571420E-03
   671.138367       6706.08447       2.35428568E-02
   671.099915       6688.90039       5.88571420E-03
   671.061523       6671.74463       1.76571421E-02
   671.023010       6654.53516       5.88571420E-03
   670.984558       6637.35547       1.76571421E-02
   670.946167       6620.19434       5.88571420E-03
   670.907654       6602.98926       1.17714284E-02
   670.869263       6585.82373       2.35428568E-02
   670.830750       6568.61475       1.76571421E-02
   670.792419       6551.47754       2.94285715E-02
   670.754028       6534.31641       1.17714284E-02
   670.715515       6517.10107       1.17714284E-02
   670.677185       6499.95654       1.76571421E-02
   670.638733       6482.76904       1.76571421E-02
   670.600281       6465.57959       2.94285715E-02
   670.561951       6448.43994       5.88571420E-03
   670.523560       6431.26709       1.76571421E-02
   670.485168       6414.10254       5.88571420E-03
   670.446838       6396.95703       0.00000000    
   670.408386       6379.75635       5.88571420E-03
   670.369995       6362.58594       1.76571421E-02
   670.331665       6345.43408       0.00000000    
   670.293274       6328.25977       2.94285715E-02
   670.254883       6311.08350       2.35428568E-02
   670.216553       6293.93604       1.76571421E-02
   670.178223       6276.78662       4.70857136E-02
   670.139832       6259.61426       1.17714284E-02
   670.101501       6242.46045       4.70857136E-02
   670.063110       6225.27441       1.76571421E-02
   670.024719       6208.09619       4.12000008E-02
   669.986511       6190.99951       2.94285715E-02
   669.948120       6173.80713       2.94285715E-02
   669.909790       6156.65381       1.17714284E-02
   669.871521       6139.52002       2.35428568E-02
   669.833130       6122.34180       5.88571420E-03
   669.794922       6105.23535       4.70857136E-02
   669.756531       6088.04297       5.88571429E-02
   669.718262       6070.91162       1.17714284E-02
   669.679993       6053.76709       2.35428568E-02
   669.641663       6036.61084       2.35428568E-02
   669.603333       6019.44189       4.70857136E-02
   669.565063       6002.30273       3.53142843E-02
   669.526794       5985.16064       2.35428568E-02
   669.488586       5968.04883       1.17714284E-02
   669.450256       5950.88184       4.12000008E-02
   669.411926       5933.70312       2.35428568E-02
   669.373718       5916.59570       3.53142843E-02
   669.335449       5899.44336       1.76571421E-02
   669.297241       5882.33154       2.35428568E-02
   669.258972       5865.17627       4.70857136E-02
   669.220703       5848.02930       3.53142843E-02
   669.182495       5830.91162       6.47428557E-02
   669.144226       5813.76025       5.29714264E-02
   669.106018       5796.63867       3.53142843E-02
   669.067749       5779.48340       4.70857136E-02
   669.029541       5762.35791       5.88571429E-02
   668.991272       5745.19873       5.88571429E-02
   668.953064       5728.06934       1.76571421E-02
   668.914917       5710.96875       5.88571429E-02
   668.876648       5693.81445       4.70857136E-02
   668.838501       5676.70996       7.65142813E-02
   668.800293       5659.58301       4.12000008E-02
   668.762085       5642.44336       5.29714264E-02
   668.723938       5625.34326       5.88571429E-02
   668.685730       5608.19971       4.12000008E-02
   668.647583       5591.09668       5.29714264E-02
   668.609314       5573.92725       5.88571429E-02
   668.571228       5556.85107       5.88571429E-02
   668.532959       5539.67822       8.24000016E-02
   668.494873       5522.59766       4.70857136E-02
   668.456726       5505.48486      0.117714286    
   668.418518       5488.33740       1.76571421E-02
   668.380371       5471.21973       5.29714264E-02
   668.342285       5454.13135       6.47428557E-02
   668.304138       5437.00977       3.53142843E-02
   668.265991       5419.89697       5.29714264E-02
   668.227783       5402.75000       8.82857144E-02
   668.189697       5385.65479       8.24000016E-02
   668.151550       5368.53516       4.12000008E-02
   668.113464       5351.43506       5.88571429E-02
   668.075317       5334.31201       5.88571429E-02
   668.037231       5317.21826       7.65142813E-02
   667.999084       5300.09131       7.65142813E-02
   667.960999       5282.99365       5.29714264E-02
   667.922974       5265.91553       8.82857144E-02
   667.884888       5248.81396       5.29714264E-02
   667.846741       5231.68896       8.24000016E-02
   667.808655       5214.58350      0.111828573    
   667.770508       5197.44482       5.29714264E-02
   667.732544       5180.39844       8.24000016E-02
   667.694397       5163.26562       7.65142813E-02
   667.656372       5146.18408       9.41714272E-02
   667.618286       5129.07910       4.12000008E-02
   667.580200       5111.96191       4.70857136E-02
   667.542236       5094.90527      0.117714286    
   667.504089       5077.77344       6.47428557E-02
   667.466125       5060.71338       6.47428557E-02
   667.428040       5043.59814       5.88571429E-02
   667.390015       5026.51318       5.88571429E-02
   667.351990       5009.42627       7.06285685E-02
   667.313965       4992.33691       9.41714272E-02
   667.275879       4975.21436       6.47428557E-02
   667.237915       4958.15283      0.117714286    
   667.199951       4941.08887      0.111828573    
   667.161865       4923.97070      0.100057140    
   667.123840       4906.87207      0.105942853    
   667.085815       4889.78125       8.24000016E-02
   667.047852       4872.70996      0.100057140    
   667.009827       4855.60498      0.129485711    
   666.971863       4838.54004       6.47428557E-02
   666.933899       4821.46240       8.82857144E-02
   666.895874       4804.36230      0.111828573    
   666.857971       4787.32275      0.147142857    
   666.820007       4770.25000      0.111828573    
   666.782043       4753.16455      0.153028563    
   666.744080       4736.08789      0.105942853    
   666.706055       4718.98877      0.117714286    
   666.668091       4701.90771      0.135371432    
   666.630188       4684.85645      0.111828573    
   666.592224       4667.77197      0.100057140    
   666.554321       4650.71680      0.129485711    
   666.516357       4633.63916      0.129485711    
   666.478394       4616.54834      0.129485711    
   666.440491       4599.49805      0.123599999    
   666.402527       4582.40381      0.135371432    
   666.364685       4565.38086      0.111828573    
   666.326660       4548.26172      0.105942853    
   666.288818       4531.22412       8.82857144E-02
   666.250977       4514.19580      0.123599999    
   666.212952       4497.07031      0.129485711    
   666.175110       4480.03760      0.100057140    
   666.137146       4462.93994      0.211885706    
   666.099304       4445.90381      0.129485711    
   666.061462       4428.86523      0.153028563    
   666.023560       4411.79346      0.123599999    
   665.985657       4394.72949      0.135371432    
   665.947815       4377.68604      0.129485711    
   665.909912       4360.60791      0.182457134    
   665.872070       4343.57031      0.153028563    
   665.834229       4326.52002      0.182457134    
   665.796326       4309.44678       8.82857144E-02
   665.758484       4292.39307      0.105942853    
   665.720642       4275.34766      0.188342854    
   665.682800       4258.30029      0.158914283    
   665.645020       4241.27148      0.147142857    
   665.607178       4224.21973      0.158914283    
   665.569275       4207.14600      0.147142857    
   665.531433       4190.09082      0.164800003    
   665.493713       4173.08594      0.164800003    
   665.455811       4156.00537      0.123599999    
   665.417969       4138.94434      0.147142857    
   665.380249       4121.94482      0.194228575    
   665.342407       4104.89014      0.170685709    
   665.304626       4087.85498      0.170685709    
   665.266785       4070.79639      0.241314277    
   665.229065       4053.78931      0.176571429    
   665.191162       4036.69458      0.194228575    
   665.153442       4019.68359      0.211885706    
   665.115662       4002.64893      0.153028563    
   665.077942       3985.63354      0.229542851    
   665.040100       3968.57422      0.311942846    
   665.002380       3951.55444      0.170685709    
   664.964661       3934.54395      0.176571429    
   664.926819       3917.47852      0.247199997    
   664.889099       3900.45337      0.211885706    
   664.851379       3883.43701      0.217771426    
   664.813599       3866.39722      0.229542851    
   664.775818       3849.34497      0.217771426    
   664.738098       3832.33350      0.194228575    
   664.700378       3815.30908      0.188342854    
   664.662659       3798.28271      0.194228575    
   664.624878       3781.23340      0.247199997    
   664.587219       3764.24561      0.247199997    
   664.549561       3747.24536      0.253085703    
   664.511841       3730.22168      0.253085703    
   664.474060       3713.16431      0.247199997    
   664.436401       3696.15845      0.276628554    
   664.398743       3679.16089      0.229542851    
   664.361023       3662.12964      0.247199997    
   664.323242       3645.07520      0.335485697    
   664.285645       3628.09277      0.182457134    
   664.247925       3611.06665      0.270742863    
   664.210266       3594.05908      0.258971423    
   664.172607       3577.05005      0.258971423    
   664.134949       3560.03882      0.264857143    
   664.097229       3543.00464      0.282514274    
   664.059631       3526.02124      0.300171435    
   664.022034       3509.03638      0.211885706    
   663.984314       3491.99585      0.288399994    
   663.946655       3474.98535      0.270742863    
   663.908997       3457.97339      0.264857143    
   663.871338       3440.95923      0.300171435    
   663.833740       3423.97510      0.276628554    
   663.796143       3406.97827      0.317828566    
   663.758484       3389.95825      0.323714286    
   663.720886       3372.96802      0.382571429    
   663.683289       3355.97607      0.364914268    
   663.645691       3338.98218      0.329600006    
   663.608093       3321.98608      0.335485697    
   663.570496       3304.99902      0.353142858    
   663.532837       3287.96704      0.300171435    
   663.495239       3270.97607      0.400228560    
   663.457642       3253.97217      0.323714286    
   663.420044       3236.97729      0.335485697    
   663.382446       3219.98047      0.311942846    
   663.344910       3203.00293      0.406114280    
   663.307312       3186.00195      0.341371417    
   663.269714       3168.99927      0.435542852    
   663.232239       3152.04761      0.441428572    
   663.194641       3135.04102      0.494399995    
   663.157104       3118.06445      0.406114280    
   663.119568       3101.08569      0.423771411    
   663.082031       3084.10498      0.417885721    
   663.044434       3067.09058      0.417885721    
   663.006897       3050.11670      0.429657131    
   662.969360       3033.13062      0.447314292    
   662.931885       3016.17407      0.523828566    
   662.894287       2999.16284      0.517942846    
   662.856812       2982.20215      0.370799989    
   662.819275       2965.21851      0.453199983    
   662.781738       2948.22266      0.476742864    
   662.744263       2931.26758      0.541485727    
   662.706726       2914.27808      0.488514274    
   662.669250       2897.30811      0.500285685    
   662.631775       2880.34717      0.506171405    
   662.594238       2863.35181      0.453199983    
   662.556763       2846.38696      0.453199983    
   662.519287       2829.41968      0.523828566    
   662.481812       2812.45068      0.512057126    
   662.444336       2795.47998      0.535600007    
   662.406860       2778.50732      0.529714286    
   662.369446       2761.56445      0.612114251    
   662.331909       2744.56641      0.570914268    
   662.294434       2727.58765      0.647428572    
   662.256958       2710.61792      0.565028548    
   662.219543       2693.66772      0.706285715    
   662.182129       2676.71509      0.588571429    
   662.144653       2659.73950      0.659200013    
   662.107178       2642.76172      0.629771411    
   662.069824       2625.83594      0.523828566    
   662.032349       2608.86499      0.594457150    
   661.994995       2591.93506      0.676857114    
   661.957520       2574.94971      0.576799989    
   661.920166       2558.02661      0.647428572    
   661.882690       2541.03735      0.623885691    
   661.845337       2524.11060      0.759257138    
   661.807922       2507.14941      0.847542822    
   661.770508       2490.19727      0.759257138    
   661.733093       2473.23242      0.788685679    
   661.695679       2456.26538      0.665085733    
   661.658264       2439.30737      0.735714257    
   661.620911       2422.36890      0.771028578    
   661.583496       2405.40698      0.759257138    
   661.546143       2388.47534      0.782799959    
   661.508789       2371.53101      0.900514245    
   661.471375       2354.56323      0.741599977    
   661.434021       2337.62598      0.982914269    
   661.396729       2320.70801      0.776914299    
   661.359375       2303.76660      0.841657102    
   661.322021       2286.82324      0.859314263    
   661.284668       2269.87793      0.947600007    
   661.247314       2252.93091      0.888742864    
   661.209961       2235.99243      0.865199983    
   661.172668       2219.07373      0.900514245    
   661.135315       2202.12061      0.953485727    
   661.097961       2185.16602      0.941714287    
   661.060669       2168.25220       1.14771426    
   661.023376       2151.32544       1.14771426    
   660.986023       2134.37573      0.971142828    
   660.948792       2117.47754       1.20657146    
   660.911438       2100.52368       1.18302858    
   660.874084       2083.56812       1.09474289    
   660.836914       2066.69629       1.22422850    
   660.799500       2049.70483       1.07120001    
   660.762329       2032.82910       1.01822853    
   660.725037       2015.89783       1.11828566    
   660.687744       1998.96460       1.21834278    
   660.650513       1982.06201       1.15359998    
   660.613159       1965.10339      0.994685709    
   660.575928       1948.19678       1.05942857    
   660.538696       1931.28833       1.15948570    
   660.501404       1914.34558       1.08297145    
   660.464111       1897.41162       1.17714286    
   660.426880       1880.49719       1.27719998    
   660.389648       1863.59180       1.14182854    
   660.352417       1846.67371      0.947600007    
   660.315186       1829.76428       1.01234281    
   660.277954       1812.84241       1.15359998    
   660.240723       1795.92920       1.02999997    
   660.203491       1779.01404       1.25954282    
   660.166260       1762.09705       1.12417138    
   660.129089       1745.19958       1.05942857    
   660.091858       1728.27881       1.04177141    
   660.054688       1711.38818       1.08885717    
   660.017517       1694.49585       1.11239994    
   659.980286       1677.56934       1.27131426    
   659.943054       1660.65149       1.14182854    
   659.905884       1643.75330       1.03588569    
   659.868713       1626.85327       1.20068574    
   659.831482       1609.92981       1.05942857    
   659.794312       1593.02576       1.13594282    
   659.757141       1576.13074       1.13005710    
   659.719971       1559.22314       1.09474289    
   659.682861       1542.34570       1.05354285    
   659.645691       1525.44495       1.05942857    
   659.608521       1508.54211       1.07120001    
   659.571350       1491.63757       1.03588569    
   659.534241       1474.75256       1.03588569    
   659.497070       1457.84424       1.07708573    
   659.459961       1440.96619       1.15948570    
   659.422791       1424.05396       1.11828566    
   659.385681       1407.17212       1.10651422    
   659.348572       1390.28821       1.18891430    
   659.311462       1373.40271       1.11239994    
   659.274353       1356.52588       1.08297145    
   659.237183       1339.60400       1.33017147    
   659.200073       1322.72339      0.953485727    
   659.163025       1305.86243       1.07708573    
   659.125916       1288.96729       1.21834278    
   659.088806       1272.08093       1.25365710    
   659.051697       1255.18188       1.04177141    
   659.014587       1238.29175      0.988799989    
   658.977478       1221.39966       1.22422850    
   658.940491       1204.55969       1.20068574    
   658.903381       1187.66382       1.05354285    
   658.866272       1170.76599       1.08297145    
   658.829224       1153.89868       1.12417138    
   658.792175       1137.02942       1.24188566    
   658.755066       1120.13684       1.12417138    
   658.718018       1103.26379       1.01234281    
   658.681030       1086.41040       1.27719998    
   658.643921       1069.51196       1.04177141    
   658.606873       1052.63318       1.08885717    
   658.569824       1035.76343       1.11828566    
   658.532898       1018.93494       1.07120001    
   658.495789       1002.03967       1.15948570    
   658.458801       985.185730       1.18891430    
   658.421753       968.308350       1.03588569    
   658.384705       951.418091       1.10062861    
   658.347778       934.601746       1.15948570    
   658.310730       917.718567       1.06531429    
   658.273682       900.833557       1.31840003    
   658.236694       883.968201      0.947600007    
   658.199707       867.111816       1.05354285    
   658.162720       850.253418      0.894628584    
   658.125732       833.393311       1.00645709    
   658.088745       816.531067       1.17714286    
   658.051758       799.677917       1.13594282    
   658.014832       782.844482       1.08885717    
   657.977844       765.976685       1.03588569    
   657.940857       749.106873       1.17125714    
   657.903870       732.246155       1.13594282    
   657.866882       715.383484       1.15359998    
   657.829956       698.540527      0.971142828    
   657.793030       681.695740       1.05942857    
   657.756042       664.827271       1.08885717    
   657.719055       647.957031       1.25365710    
   657.682251       631.171570       1.07120001    
   657.645264       614.297424       1.11828566    
   657.608276       597.432251       1.01234281    
   657.571472       580.641113       1.23011422    
   657.534485       563.761353      0.941714287    
   657.497559       546.912170       1.19480002    
   657.460632       530.061157       1.06531429    
   657.423767       513.240723       1.02999997    
   657.386841       496.396759       1.04177141    
   657.349915       479.540009       1.05354285    
   657.312988       462.692200       1.11828566    
   657.276184       445.885956       1.15359998    
   657.239258       429.034363       1.07708573    
   657.202332       412.180908       1.22422850    
   657.165527       395.379791       1.14771426    
   657.128662       378.555145       1.04177141    
   657.091736       361.695953       1.18302858    
   657.054810       344.834930       1.17714286    
   657.018005       328.026245       1.09474289    
   656.981140       311.194031       1.18302858    
   656.944275       294.359863       1.15948570    
   656.907471       277.556396       1.10651422    
   656.870605       260.718475       1.10651422    
   656.833740       243.878677      0.953485727    
   656.796936       227.069580       1.07708573    
   656.760071       210.225967       1.01234281    
   656.723206       193.391342       1.20068574    
   656.686401       176.576553       1.04765713    
   656.649597       159.759903       1.07120001    
   656.612793       142.952225       1.03588569    
   656.575989       126.131798       1.03588569    
   656.539124       109.287727       1.23599994    
   656.502319       92.4635239       1.08297145    
   656.465576       75.6809311       1.13594282    
   656.428711       58.8311920      0.929942846    
   656.391968       42.0339584      0.994685709    
   656.355164       25.2130890       1.15948570    
   656.318359       8.39032364       1.07120001    
   656.281555      -8.43432617       1.15359998    
   656.244812      -25.2282085       1.14771426    
   656.208008      -42.0566292      0.953485727    
   656.171326      -58.8216171       1.14771426    
   656.134460      -75.6755829       1.02999997    
   656.097717      -92.4769974      0.953485727    
   656.061035      -109.247627       1.11239994    
   656.024231      -126.085457       1.17125714    
   655.987427      -142.914307       1.25365710    
   655.950745      -159.690567       1.05942857    
   655.914001      -176.490494       1.00645709    
   655.877258      -193.303223      0.835771441    
   655.840515      -210.106873      0.994685709    
   655.803772      -226.912476       1.04765713    
   655.767090      -243.698135       1.10062861    
   655.730347      -260.507446       1.13594282    
   655.693665      -277.285950       1.27131426    
   655.656921      -294.099060       1.08297145    
   655.620239      -310.881287       1.11239994    
   655.583557      -327.665436       1.08297145    
   655.546814      -344.484192       1.02999997    
   655.510132      -361.272064      0.971142828    
   655.473389      -378.083679       1.14182854    
   655.436707      -394.875305       1.02411425    
   655.400085      -411.636108       1.17714286    
   655.363342      -428.453308       1.20068574    
   655.326721      -445.217834       1.09474289    
   655.290039      -462.016998       1.24188566    
   655.253357      -478.807129       1.10651422    
   655.216736      -495.577301       1.19480002    
   655.179993      -512.403931       1.07708573    
   655.143433      -529.145020       1.11828566    
   655.106689      -545.964478       1.15948570    
   655.070129      -562.709412       1.04177141    
   655.033447      -579.510803       1.20657146    
   654.996826      -596.281250       1.13005710    
   654.960205      -613.053589       1.04765713    
   654.923523      -629.860657       1.15359998    
   654.886902      -646.636719       1.17125714    
   654.850281      -663.414673       1.08297145    
   654.813721      -680.161743       1.15359998    
   654.777039      -696.965271       1.13594282    
   654.740479      -713.716064       1.09474289    
   654.703857      -730.490540       1.10062861    
   654.667236      -747.277893       1.09474289    
   654.630615      -764.056152       1.10062861    
   654.594055      -780.814453       1.18891430    
   654.557434      -797.596436       1.21834278    
   654.520935      -814.325500       1.11828566    
   654.484314      -831.111389       1.11239994    
   654.447754      -847.866089       1.11239994    
   654.411194      -864.633667       1.15948570    
   654.374634      -881.392212       1.18302858    
   654.338013      -898.174500       1.01234281    
   654.301514      -914.914917       1.07120001    
   654.264954      -931.678955       1.14182854    
   654.228394      -948.444946       1.21834278    
   654.191772      -965.234741       1.01822853    
   654.155273      -981.971619       1.01234281    
   654.118713      -998.743164       1.11239994    
   654.082214      -1015.48370       1.16537142    
   654.045654      -1032.24829       1.17125714    
   654.009216      -1048.95959       1.08885717    
   653.972595      -1065.76062       1.18891430    
   653.936157      -1082.47571       1.15948570    
   653.899536      -1099.28052       1.20068574    
   653.863098      -1115.99939       1.08885717    
   653.826599      -1132.74207       1.13594282    
   653.790039      -1149.51941       1.01234281    
   653.753601      -1166.23291       1.11239994    
   653.717102      -1182.98120       1.14771426    
   653.680603      -1199.73145       1.14182854    
   653.644104      -1216.48328      0.988799989    
   653.607605      -1233.23718       1.05354285    
   653.571106      -1249.99292       1.22422850    
   653.534668      -1266.71753       1.17714286    
   653.498169      -1283.47705      0.971142828    
   653.461731      -1300.20532       1.11239994    
   653.425232      -1316.95752       1.03588569    
   653.388794      -1333.68958      0.965257108    
   653.352356      -1350.41260       1.20068574    
   653.315857      -1367.18140      0.941714287    
   653.279419      -1383.90808       1.15359998    
   653.242981      -1400.63647       1.20068574    
   653.206604      -1417.34509       1.01234281    
   653.170105      -1434.11023       1.08885717    
   653.133667      -1450.84436       1.18891430    
   653.097290      -1467.55835       1.16537142    
   653.060852      -1484.29614       1.11828566    
   653.024414      -1501.03577       1.13594282    
   652.988037      -1517.74438       1.15359998    
   652.951599      -1534.48767      0.959371388    
   652.915283      -1551.16711       1.06531429    
   652.878784      -1567.93628       1.13005710    
   652.842468      -1584.63025       1.11828566    
   652.805969      -1601.40308       1.18891430    
   652.769653      -1618.08972       1.09474289    
   652.733276      -1634.81140       1.06531429    
   652.696838      -1651.55664      0.994685709    
   652.660522      -1668.24902       1.05942857    
   652.624207      -1684.94312       1.09474289    
   652.587769      -1701.69397      0.982914269    
   652.551392      -1718.41370       1.21245718    
   652.515015      -1735.13550       1.11239994    
   652.478699      -1751.83704       1.01234281    
   652.442322      -1768.56250       1.13594282    
   652.405945      -1785.27844       1.04765713    
   652.369629      -1801.98560       1.23599994    
   652.333313      -1818.68347       1.11828566    
   652.296936      -1835.41626       1.14771426    
   652.260620      -1852.11780       1.13594282    
   652.224304      -1868.82117       1.09474289    
   652.187988      -1885.51550       1.17714286    
   652.151672      -1902.22266       1.15948570    
   652.115295      -1918.96472       1.02999997    
   652.079041      -1935.64233       1.07120001    
   652.042725      -1952.34412       1.00645709    
   652.006409      -1969.05859       1.04177141    
   651.970093      -1985.76392       1.15948570    
   651.933838      -2002.44922       1.09474289    
   651.897522      -2019.15820       1.18891430    
   651.861206      -2035.86902       1.10651422    
   651.824951      -2052.54858       1.14182854    
   651.788696      -2069.24121       1.10651422    
   651.752380      -2085.95752       1.13594282    
   651.716125      -2102.64258       1.21245718    
   651.679871      -2119.32959       1.15359998    
   651.643555      -2136.05176      0.959371388    
   651.607361      -2152.70923       1.03588569    
   651.571045      -2169.43506      0.882857144    
   651.534790      -2186.11865      0.935828567    
   651.498596      -2202.79248       1.04177141    
   651.462341      -2219.47949       1.15359998    
   651.426025      -2236.20166      0.953485727    
   651.389832      -2252.87036      0.953485727    
   651.353638      -2269.54077      0.947600007    
   651.317444      -2286.21289      0.871085703    
   651.281189      -2302.90918      0.924057126    
   651.244934      -2319.60742      0.994685709    
   651.208801      -2336.25195      0.865199983    
   651.172607      -2352.93188      0.782799959    
   651.136353      -2369.62427      0.818114281    
   651.100159      -2386.30762      0.865199983    
   651.063965      -2402.98169      0.670971394    
   651.027710      -2419.68018      0.800457120    
   650.991516      -2436.35791      0.782799959    
   650.955383      -2453.01538      0.865199983    
   650.919189      -2469.69678      0.688628554    
   650.882996      -2486.36914      0.682742834    
   650.846802      -2503.05420      0.735714257    
   650.810608      -2519.74121      0.659200013    
   650.774536      -2536.36377      0.623885691    
   650.738281      -2553.07666      0.753371418    
   650.702087      -2569.75830      0.647428572    
   650.666016      -2586.39697      0.682742834    
   650.629822      -2603.08203      0.700399995    
   650.593689      -2619.73584      0.559142828    
   650.557495      -2636.42480      0.647428572    
   650.521423      -2653.06006      0.470857143    
   650.485291      -2669.71924      0.459085703    
   650.449097      -2686.41357      0.512057126    
   650.413025      -2703.05444      0.653314292    
   650.376892      -2719.71924      0.576799989    
   650.340759      -2736.38599      0.617999971    
   650.304688      -2753.02100      0.523828566    
   650.268555      -2769.69141      0.517942846    
   650.232422      -2786.36353      0.565028548    
   650.196350      -2803.00391      0.429657131    
   650.160278      -2819.64673      0.459085703    
   650.124146      -2836.31299      0.500285685    
   650.088013      -2852.98169      0.441428572    
   650.051941      -2869.62939      0.500285685    
   650.015869      -2886.27930      0.541485727    
   649.979797      -2902.91992      0.476742864    
   649.943726      -2919.57349      0.470857143    
   649.907654      -2936.21777      0.529714286    
   649.871582      -2952.87476      0.406114280    
   649.835510      -2969.52271      0.441428572    
   649.799500      -2986.15015      0.500285685    
   649.763428      -3002.80200      0.359028578    
   649.727356      -3019.45508      0.441428572    
   649.691284      -3036.11035      0.441428572    
   649.655273      -3052.73438      0.317828566    
   649.619202      -3069.39307      0.429657131    
   649.583252      -3085.98682      0.429657131    
   649.547180      -3102.64941      0.388457149    
   649.511169      -3119.28076      0.423771411    
   649.475098      -3135.93555      0.429657131    
   649.439087      -3152.57007      0.317828566    
   649.403076      -3169.20679      0.382571429    
   649.367126      -3185.81177      0.388457149    
   649.331116      -3202.44067      0.306057125    
   649.295105      -3219.08276      0.394342840    
   649.259094      -3235.71533      0.347257137    
   649.223022      -3252.38330      0.388457149    
   649.187073      -3268.99756      0.264857143    
   649.151123      -3285.60205      0.382571429    
   649.115112      -3302.24243      0.347257137    
   649.079163      -3318.86206      0.317828566    
   649.043213      -3335.47217      0.282514274    
   649.007202      -3352.11768      0.347257137    
   648.971252      -3368.73145      0.294285715    
   648.935242      -3385.38037      0.235428572    
   648.899292      -3401.99805      0.300171435    
   648.863342      -3418.61743      0.382571429    
   648.827393      -3435.22754      0.388457149    
   648.791443      -3451.85059      0.364914268    
   648.755493      -3468.47534      0.270742863    
   648.719604      -3485.06860      0.247199997    
   648.683655      -3501.69727      0.276628554    
   648.647705      -3518.31641      0.253085703    
   648.611755      -3534.93726      0.311942846    
   648.575806      -3551.57129      0.276628554    
   648.539917      -3568.16211      0.253085703    
   648.504028      -3584.76660      0.300171435    
   648.468079      -3601.39502      0.206000000    
   648.432251      -3617.96899      0.229542851    
   648.396301      -3634.60107      0.353142858    
   648.360413      -3651.20142      0.229542851    
   648.324524      -3667.80322      0.247199997    
   648.288635      -3684.40698      0.170685709    
   648.252747      -3701.01294      0.223657146    
   648.216919      -3717.58691      0.200114280    
   648.180969      -3734.22974      0.188342854    
   648.145142      -3750.80762      0.247199997    
   648.109253      -3767.42041      0.253085703    
   648.073303      -3784.05737      0.170685709    
   648.037476      -3800.64038      0.206000000    
   648.001648      -3817.22534      0.241314277    
   647.965759      -3833.83447      0.182457134    
   647.929932      -3850.42310      0.194228575    
   647.894043      -3867.03589      0.206000000    
   647.858215      -3883.61670      0.217771426    
   647.822388      -3900.21118      0.153028563    
   647.786560      -3916.79541      0.158914283    
   647.750732      -3933.39307      0.194228575    
   647.714905      -3949.98145      0.223657146    
   647.679077      -3966.57153      0.229542851    
   647.643250      -3983.16333      0.217771426    
   647.607422      -3999.75684      0.188342854    
   647.571655      -4016.31909      0.153028563    
   647.535889      -4032.89429      0.211885706    
   647.500061      -4049.48218      0.153028563    
   647.464233      -4066.08301      0.164800003    
   647.428406      -4082.68530      0.153028563    
   647.392700      -4099.22314      0.229542851    
   647.356873      -4115.82910      0.176571429    
   647.321045      -4132.42627      0.200114280    
   647.285278      -4149.00293      0.123599999    
   647.249512      -4165.56982      0.117714286    
   647.213745      -4182.15039      0.158914283    
   647.177979      -4198.72119      0.117714286    
   647.142212      -4215.30420      0.129485711    
   647.106445      -4231.87891      0.164800003    
   647.070740      -4248.43213      0.153028563    
   647.034912      -4265.03271      0.141257137    
   646.999207      -4281.59033      0.158914283    
   646.963440      -4298.17139      0.153028563    
   646.927673      -4314.75488      0.153028563    
   646.891968      -4331.30664      0.123599999    
   646.856262      -4347.85938      0.123599999    
   646.820496      -4364.44873      0.164800003    
   646.784790      -4381.00537      0.129485711    
   646.749023      -4397.58643      0.176571429    
   646.713318      -4414.14697      0.158914283    
   646.677612      -4430.70947      0.135371432    
   646.641907      -4447.27344      0.158914283    
   646.606201      -4463.82861      0.117714286    
   646.570496      -4480.39600      0.164800003    
   646.534790      -4496.95410      0.117714286    
   646.499146      -4513.49219      0.123599999    
   646.463440      -4530.06543      0.141257137    
   646.427734      -4546.62891       7.65142813E-02
   646.392090      -4563.17236      0.170685709    
   646.356445      -4579.70557      0.153028563    
   646.320740      -4596.27490      0.105942853    
   646.285034      -4612.84570       9.41714272E-02
   646.249390      -4629.38477      0.105942853    
   646.213745      -4645.92578       8.24000016E-02
   646.178040      -4662.50244       8.82857144E-02
   646.142334      -4679.08008      0.100057140    
   646.106750      -4695.59326      0.141257137    
   646.071045      -4712.17432      0.111828573    
   646.035461      -4728.69092      0.147142857    
   645.999817      -4745.24268      0.117714286    
   645.964233      -4761.76221       9.41714272E-02
   645.928528      -4778.33984      0.129485711    
   645.892944      -4794.86328      0.153028563    
   645.857300      -4811.41064      0.141257137    
   645.821716      -4827.93799       9.41714272E-02
   645.786072      -4844.48877      0.100057140    
   645.750488      -4861.01953      0.105942853    
   645.714844      -4877.57422       7.06285685E-02
   645.679321      -4894.07471       8.82857144E-02
   645.643677      -4910.63330       8.24000016E-02
   645.608093      -4927.15967       9.41714272E-02
   645.572510      -4943.68799      0.111828573    
   645.536926      -4960.21826       5.88571429E-02
   645.501343      -4976.76123       8.82857144E-02
   645.465698      -4993.31738       8.24000016E-02
   645.430115      -5009.85254      0.100057140    
   645.394592      -5026.35645       8.24000016E-02
   645.359009      -5042.89551      0.105942853    
   645.323486      -5059.40234      0.111828573    
   645.287903      -5075.94482       7.06285685E-02
   645.252319      -5092.47803       8.24000016E-02
   645.216736      -5109.02393       8.24000016E-02
   645.181152      -5125.56104       7.06285685E-02
   645.145691      -5142.04346       5.29714264E-02
   645.110168      -5158.56055       7.06285685E-02
   645.074585      -5175.10352       6.47428557E-02
   645.039124      -5191.59033       6.47428557E-02
   645.003540      -5208.13574       7.65142813E-02
   644.968018      -5224.64990       8.24000016E-02
   644.932556      -5241.14258       5.88571429E-02
   644.896973      -5257.69434       7.65142813E-02
   644.861511      -5274.17920       9.41714272E-02
   644.825928      -5290.73389       7.65142813E-02
   644.790466      -5307.22217       6.47428557E-02
   644.754944      -5323.74707       4.70857136E-02
   644.719482      -5340.23926       5.29714264E-02
   644.684021      -5356.73340       7.65142813E-02
   644.648499      -5373.26318       7.65142813E-02
   644.612976      -5389.79492       4.70857136E-02
   644.577515      -5406.28320       5.29714264E-02
   644.542114      -5422.76172       4.70857136E-02
   644.506592      -5439.28760       4.70857136E-02
   644.471069      -5455.81494       5.88571429E-02
   644.435608      -5472.32129       4.70857136E-02
   644.400146      -5488.81836       5.29714264E-02
   644.364746      -5505.29443      0.105942853    
   644.329285      -5521.80713       2.94285715E-02
   644.293823      -5538.30908       5.88571429E-02
   644.258362      -5554.81396       5.88571429E-02
   644.222900      -5571.31934       8.82857144E-02
   644.187500      -5587.80469       3.53142843E-02
   644.152039      -5604.31445       3.53142843E-02
   644.116577      -5620.82568       5.88571420E-03
   644.081116      -5637.33936       8.24000016E-02
   644.045837      -5653.76367       3.53142843E-02
   644.010376      -5670.26904       4.12000008E-02
   643.974915      -5686.78711       4.12000008E-02
   643.939514      -5703.27393       3.53142843E-02
   643.904175      -5719.72852       1.17714284E-02
   643.868713      -5736.25195       2.35428568E-02
   643.833313      -5752.73242       1.76571421E-02
   643.797913      -5769.22656       6.47428557E-02
   643.762451      -5785.74414       4.70857136E-02
   643.727173      -5802.17285       4.12000008E-02
   643.691711      -5818.69434       1.76571421E-02
   643.656372      -5835.16113       4.12000008E-02
   643.621033      -5851.62939       1.76571421E-02
   643.585632      -5868.12305       4.70857136E-02
   643.550232      -5884.61719       4.12000008E-02
   643.514832      -5901.11426       3.53142843E-02
   643.479553      -5917.55566       2.94285715E-02
   643.444214      -5934.02197       3.53142843E-02
   643.408813      -5950.52344       1.76571421E-02
   643.373413      -5967.02686       2.35428568E-02
   643.338135      -5983.46436       1.76571421E-02
   643.302795      -5999.93750       2.94285715E-02
   643.267395      -6016.44629       2.94285715E-02
   643.232178      -6032.86621       1.76571421E-02
   643.196838      -6049.33350       4.12000008E-02
   643.161499      -6065.81396       1.76571421E-02
   643.126160      -6082.29541       2.94285715E-02
   643.090881      -6098.74512       2.35428568E-02
   643.055542      -6115.21973       1.76571421E-02
   643.020203      -6131.70752       2.94285715E-02
   642.984924      -6148.15039       2.35428568E-02
   642.949585      -6164.64111       2.94285715E-02
   642.914246      -6181.12354       1.17714284E-02
   642.878967      -6197.57178       1.76571421E-02
   642.843689      -6214.03418       2.35428568E-02
   642.808411      -6230.48682       3.53142843E-02
   642.773132      -6246.94092       2.94285715E-02
   642.737915      -6263.37402       1.17714284E-02
   642.702576      -6279.86670       5.29714264E-02
   642.667236      -6296.34912       1.17714284E-02
   642.632080      -6312.75342       2.35428568E-02
   642.596741      -6329.25098       2.35428568E-02
   642.561584      -6345.65918       1.17714284E-02
   642.526245      -6362.14893       2.94285715E-02
   642.491028      -6378.58350       2.35428568E-02
   642.455688      -6395.07617       1.17714284E-02
   642.420532      -6411.49170       2.35428568E-02
   642.385254      -6427.95361       5.88571420E-03
   642.350037      -6444.39551       2.94285715E-02
   642.314819      -6460.83887       1.76571421E-02
   642.279602      -6477.27295       1.17714284E-02
   642.244385      -6493.71973       0.00000000    
   642.209106      -6510.19043       2.94285715E-02
   642.173889      -6526.62939       1.17714284E-02
   642.138733      -6543.04736       1.76571421E-02
   642.103516      -6559.49023       3.53142843E-02
   642.068237      -6575.96875       5.88571420E-03
   642.033081      -6592.39209       0.00000000    
   641.997864      -6608.83984       1.17714284E-02
   641.962708      -6625.25537       5.88571420E-03
   641.927490      -6641.70654       1.76571421E-02
   641.892273      -6658.15967       5.88571420E-03
   641.857178      -6674.55811       1.17714284E-02
   641.821960      -6691.00342       5.88571420E-03
   641.786804      -6707.42725       1.76571421E-02
   641.751587      -6723.88818       1.17714284E-02
   641.716370      -6740.33789       5.88571420E-03
   641.681274      -6756.74561       0.00000000    
   641.646118      -6773.16504       5.88571420E-03
   641.610901      -6789.62109       0.00000000    
   641.575867      -6805.99902       1.17714284E-02
   641.540649      -6822.45801       0.00000000    
   641.505493      -6838.88525       0.00000000    
   641.470398      -6855.29053       0.00000000    
   641.435242      -6871.73291       0.00000000    
   641.400146      -6888.13086       5.88571420E-03
   641.364929      -6904.59961       5.88571420E-03
   641.329895      -6920.97754       0.00000000    
   641.294678      -6937.43848       5.88571420E-03
   641.259644      -6953.82080       0.00000000    
   641.224548      -6970.23877       5.88571420E-03
   641.189392      -6986.67041       0.00000000    
   641.154297      -7003.08105       0.00000000    
   641.119202      -7019.49268       0.00000000    
   641.084106      -7035.90723       0.00000000    
   641.048950      -7052.35693       0.00000000    
   641.013916      -7068.74023       0.00000000    
   640.978821      -7085.15918       0.00000000    
   640.943787      -7101.54541       0.00000000    
   640.908630      -7117.99121       0.00000000    
   640.873596      -7134.38184       0.00000000    
   640.838501      -7150.80811       0.00000000    
   640.803406      -7167.22412       0.00000000    
   640.768372      -7183.62012       0.00000000    
   640.733276      -7200.03955       0.00000000    
   640.698303      -7216.40430       0.00000000    
   640.663208      -7232.82812       0.00000000    
   640.628174      -7249.21924       0.00000000    
   640.593079      -7265.64600       0.00000000    
   640.558044      -7282.05225       0.00000000    
   640.523071      -7298.41406       0.00000000    
   640.488037      -7314.81201       0.00000000    
   640.452942      -7331.24658       0.00000000    
   640.417969      -7347.61328       0.00000000    
   640.382935      -7364.01660       0.00000000    
   640.347961      -7380.39893       0.00000000    
   640.312927      -7396.79395       0.00000000    
   640.277893      -7413.20264       0.00000000    
   640.242920      -7429.57910       0.00000000    
   640.207886      -7445.99121       0.00000000    
   640.172913      -7462.37109       0.00000000    
   640.137878      -7478.77441       0.00000000    
   640.102905      -7495.15771       0.00000000    
   640.067993      -7511.50732       0.00000000    
   640.032898      -7527.94043       0.00000000    
   639.997986      -7544.29443       0.00000000    
   639.962952      -7560.70703       0.00000000    
   639.927979      -7577.09863       0.00000000    
   639.893005      -7593.48096       0.00000000    
   639.858093      -7609.84180       0.00000000    
   639.823120      -7626.22754       0.00000000    
   639.788208      -7642.59180       0.00000000    
   639.753174      -7659.00342       0.00000000    
   639.718262      -7675.36035       0.00000000    
   639.683289      -7691.75293       0.00000000    
   639.648376      -7708.12354       0.00000000    
   639.613464      -7724.48584       0.00000000    
   639.578552      -7740.84912       0.00000000    
   639.543640      -7757.21387       0.00000000    
   639.508667      -7773.60449       0.00000000    
   639.473755      -7789.97217       0.00000000    
   639.438782      -7806.36621       0.00000000    
   639.403931      -7822.71484       0.00000000    
   639.369019      -7839.07715       0.00000000    
   639.334106      -7855.45312       0.00000000    
   639.299194      -7871.81934       0.00000000    
   639.264282      -7888.19775       0.00000000    
   639.229431      -7904.53271       0.00000000    
   639.194458      -7920.93799       0.00000000    
   639.159668      -7937.25391       0.00000000    
   639.124695      -7953.66309       0.00000000    
   639.089844      -7970.00488       0.00000000    
   639.054993      -7986.35938       0.00000000    
   639.020081      -8002.73877       0.00000000    
   638.985229      -8019.08643       0.00000000    
   638.950378      -8035.43555       0.00000000    
   638.915466      -8051.82080       0.00000000    
   638.880676      -8068.13770       0.00000000    
   638.845825      -8084.49219       0.00000000    
   638.810974      -8100.84863       0.00000000    
   638.776062      -8117.24023       0.00000000    
   638.741272      -8133.56494       0.00000000    
   638.706482      -8149.89160       0.00000000    
   638.671631      -8166.25439       0.00000000    
   638.636780      -8182.60742       0.00000000    
   638.601868      -8198.99707       0.00000000    
   638.567078      -8215.33008       0.00000000    
   638.532288      -8231.66504       0.00000000    
   638.497437      -8248.02539       0.00000000    
   638.462646      -8264.35254       0.00000000    
   638.427795      -8280.71582       0.00000000    
   638.393066      -8297.02344       0.00000000    
   638.358276      -8313.36719       0.00000000    
   638.323425      -8329.73535       0.00000000    
   638.288696      -8346.03809       0.00000000    
   638.253906      -8362.37500       0.00000000    
   638.219055      -8378.74805       0.00000000    
   638.184326      -8395.06738       0.00000000    
   638.149597      -8411.37402       0.00000000    
   638.114746      -8427.74219       0.00000000    
   638.079956      -8444.08887       0.00000000    
   638.045227      -8460.40234       0.00000000    
   638.010437      -8476.75195       0.00000000    
   637.975769      -8493.03516       0.00000000    
