   504.603912       2329.94873       0.00000000    
   504.400543       2209.02148       0.00000000    
   504.197388       2088.17114       0.00000000    
   503.994354       1967.35181       0.00000000    
   503.791504       1846.58215       0.00000000    
   503.588806       1725.86243       2.05989704E-02
   503.386261       1605.18372       2.88385563E-02
   503.183899       1484.55554       2.05989704E-02
   502.981689       1363.97778       5.76771125E-02
   502.779663       1243.46033       6.59167022E-02
   502.577789       1122.98462      0.111234434    
   502.376068       1002.55109       8.65156725E-02
   502.174530       882.178467       8.23958814E-02
   501.973114       761.820496      0.148312584    
   501.771881       641.533142      0.160671964    
   501.570831       521.307373      0.189510524    
   501.369904       401.106323      0.271906406    
   501.169159       280.967346      0.354302287    
   500.968567       160.862717      0.597370088    
   500.768158       40.8300209       1.58200085    
   500.567871      -79.1865768      0.988750517    
   500.367737      -199.149475      0.465536714    
   500.167786      -319.058441      0.449057519    
   499.968018      -438.903809      0.255427212    
   499.768372      -558.722839      0.201869905    
   499.568909      -678.477966      0.218349069    
   499.369629      -798.168701      0.131833404    
   499.170471      -917.841858      0.115354225    
   498.971466      -1037.45972       5.76771125E-02
   498.772614      -1157.04077       6.59167022E-02
   498.573944      -1276.55652       6.59167022E-02
   498.375458      -1396.01636       5.76771125E-02
   498.177094      -1515.43860       8.23958777E-03
   497.978882      -1634.82336       8.23958777E-03
   497.780853      -1754.14185       1.64791755E-02
   497.582977      -1873.42212       4.11979388E-03
   497.385223      -1992.66431       0.00000000    
   497.187653      -2111.84888       0.00000000    
   496.990234      -2230.98535       0.00000000    
