                                          active rest wavelength:       656.30

 dust geometry:
                                          maximum velocity (km/s)      7000.00
                                              dust velocity index         1.00
                                               dust density index         2.00
                                                Rmax dust (e15cm)        73.18
                                                Rmin dust (e15cm)        21.95
                                         dust R ratio (Rmax/Rmin)         0.30

 gas geometry:
                                          maximum velocity (km/s)      7000.00
                                               gas velocity index         1.00
                                                gas density index         2.00
                                                 Rmax gas (e15cm)        73.18
                                                 Rmin gas (e15cm)        21.95
                                                      gas r ratio         0.30
                                  minimum velocity at Rmin (km/s)      2100.00

 properties of the dust:
                                          Cext at line wavelength     0.82E-12
                                          Csca at line wavelength     0.80E-08
                                        albedo at line wavelength      9780.17
                forward scattering parameter g at line wavelength         0.00
                         average optical depth at line wavelength         0.17
                          average optical depth at V band (547nm)         0.24

 properties of the grid:
              volume of grid cell (and therefore clump) (e42cm^3)     0.49E+05
                                        grid cell width (x) in cm     0.37E+16
                                        grid cell width (y) in cm     0.37E+16
                                        grid cell width (z) in cm     0.37E+16
                   total analytical volume of supernova (e42cm^3)     0.16E+10
                     volume of total grid cells inside sn (e42cm)     0.16E+10
                                      average dust number density     0.41E-05
               average optical depth of a cell at line wavelength         0.00
                average optical depth of a cell at V band (547nm)         0.01
                                 dust grain number density at Rin     0.21E-04
                                dust grain number density at Rout     0.19E-05

 dust mass check (calculated as rho*v):
                                                         using -      0.51E-03
                                                      requested -     0.51E-04

 packet resolution:
                              total number of packets initialised        92578
                            number of active (propagated) packets        92578
                                       number of inactive packets            0
                       number of escaped packets in line of sight        70000
                            % of escaped packets in line of sight       100.00
                                       number of absorbed packets        22578
                                            % of absorbed packets        24.39
                                                absorbed weight %       289.78
