           1           1           1   0.00000000      -1.00000000    
           2           1           2   0.00000000     -0.899999976    
           3           1           3   0.00000000     -0.800000012    
           4           1           4   0.00000000     -0.699999988    
           5           1           5   0.00000000     -0.600000024    
           6           1           6   0.00000000     -0.500000000    
           7           1           7   0.00000000     -0.399999976    
           8           1           8   0.00000000     -0.300000012    
           9           1           9   0.00000000     -0.199999988    
          10           1          10   0.00000000     -0.100000024    
          11           1          11   0.00000000       0.00000000    
          12           1          12   0.00000000      0.100000024    
          13           1          13   0.00000000      0.200000048    
          14           1          14   0.00000000      0.299999952    
          15           1          15   0.00000000      0.399999976    
          16           1          16   0.00000000      0.500000000    
          17           1          17   0.00000000      0.600000024    
          18           1          18   0.00000000      0.700000048    
          19           1          19   0.00000000      0.799999952    
          20           1          20   0.00000000      0.899999976    
          21           2           1  0.314159274      -1.00000000    
          22           2           2  0.314159274     -0.899999976    
          23           2           3  0.314159274     -0.800000012    
          24           2           4  0.314159274     -0.699999988    
          25           2           5  0.314159274     -0.600000024    
          26           2           6  0.314159274     -0.500000000    
          27           2           7  0.314159274     -0.399999976    
          28           2           8  0.314159274     -0.300000012    
          29           2           9  0.314159274     -0.199999988    
          30           2          10  0.314159274     -0.100000024    
          31           2          11  0.314159274       0.00000000    
          32           2          12  0.314159274      0.100000024    
          33           2          13  0.314159274      0.200000048    
          34           2          14  0.314159274      0.299999952    
          35           2          15  0.314159274      0.399999976    
          36           2          16  0.314159274      0.500000000    
          37           2          17  0.314159274      0.600000024    
          38           2          18  0.314159274      0.700000048    
          39           2          19  0.314159274      0.799999952    
          40           2          20  0.314159274      0.899999976    
          41           3           1  0.628318548      -1.00000000    
          42           3           2  0.628318548     -0.899999976    
          43           3           3  0.628318548     -0.800000012    
          44           3           4  0.628318548     -0.699999988    
          45           3           5  0.628318548     -0.600000024    
          46           3           6  0.628318548     -0.500000000    
          47           3           7  0.628318548     -0.399999976    
          48           3           8  0.628318548     -0.300000012    
          49           3           9  0.628318548     -0.199999988    
          50           3          10  0.628318548     -0.100000024    
          51           3          11  0.628318548       0.00000000    
          52           3          12  0.628318548      0.100000024    
          53           3          13  0.628318548      0.200000048    
          54           3          14  0.628318548      0.299999952    
          55           3          15  0.628318548      0.399999976    
          56           3          16  0.628318548      0.500000000    
          57           3          17  0.628318548      0.600000024    
          58           3          18  0.628318548      0.700000048    
          59           3          19  0.628318548      0.799999952    
          60           3          20  0.628318548      0.899999976    
          61           4           1  0.942477822      -1.00000000    
          62           4           2  0.942477822     -0.899999976    
          63           4           3  0.942477822     -0.800000012    
          64           4           4  0.942477822     -0.699999988    
          65           4           5  0.942477822     -0.600000024    
          66           4           6  0.942477822     -0.500000000    
          67           4           7  0.942477822     -0.399999976    
          68           4           8  0.942477822     -0.300000012    
          69           4           9  0.942477822     -0.199999988    
          70           4          10  0.942477822     -0.100000024    
          71           4          11  0.942477822       0.00000000    
          72           4          12  0.942477822      0.100000024    
          73           4          13  0.942477822      0.200000048    
          74           4          14  0.942477822      0.299999952    
          75           4          15  0.942477822      0.399999976    
          76           4          16  0.942477822      0.500000000    
          77           4          17  0.942477822      0.600000024    
          78           4          18  0.942477822      0.700000048    
          79           4          19  0.942477822      0.799999952    
          80           4          20  0.942477822      0.899999976    
          81           5           1   1.25663710      -1.00000000    
          82           5           2   1.25663710     -0.899999976    
          83           5           3   1.25663710     -0.800000012    
          84           5           4   1.25663710     -0.699999988    
          85           5           5   1.25663710     -0.600000024    
          86           5           6   1.25663710     -0.500000000    
          87           5           7   1.25663710     -0.399999976    
          88           5           8   1.25663710     -0.300000012    
          89           5           9   1.25663710     -0.199999988    
          90           5          10   1.25663710     -0.100000024    
          91           5          11   1.25663710       0.00000000    
          92           5          12   1.25663710      0.100000024    
          93           5          13   1.25663710      0.200000048    
          94           5          14   1.25663710      0.299999952    
          95           5          15   1.25663710      0.399999976    
          96           5          16   1.25663710      0.500000000    
          97           5          17   1.25663710      0.600000024    
          98           5          18   1.25663710      0.700000048    
          99           5          19   1.25663710      0.799999952    
         100           5          20   1.25663710      0.899999976    
         101           6           1   1.57079637      -1.00000000    
         102           6           2   1.57079637     -0.899999976    
         103           6           3   1.57079637     -0.800000012    
         104           6           4   1.57079637     -0.699999988    
         105           6           5   1.57079637     -0.600000024    
         106           6           6   1.57079637     -0.500000000    
         107           6           7   1.57079637     -0.399999976    
         108           6           8   1.57079637     -0.300000012    
         109           6           9   1.57079637     -0.199999988    
         110           6          10   1.57079637     -0.100000024    
         111           6          11   1.57079637       0.00000000    
         112           6          12   1.57079637      0.100000024    
         113           6          13   1.57079637      0.200000048    
         114           6          14   1.57079637      0.299999952    
         115           6          15   1.57079637      0.399999976    
         116           6          16   1.57079637      0.500000000    
         117           6          17   1.57079637      0.600000024    
         118           6          18   1.57079637      0.700000048    
         119           6          19   1.57079637      0.799999952    
         120           6          20   1.57079637      0.899999976    
         121           7           1   1.88495564      -1.00000000    
         122           7           2   1.88495564     -0.899999976    
         123           7           3   1.88495564     -0.800000012    
         124           7           4   1.88495564     -0.699999988    
         125           7           5   1.88495564     -0.600000024    
         126           7           6   1.88495564     -0.500000000    
         127           7           7   1.88495564     -0.399999976    
         128           7           8   1.88495564     -0.300000012    
         129           7           9   1.88495564     -0.199999988    
         130           7          10   1.88495564     -0.100000024    
         131           7          11   1.88495564       0.00000000    
         132           7          12   1.88495564      0.100000024    
         133           7          13   1.88495564      0.200000048    
         134           7          14   1.88495564      0.299999952    
         135           7          15   1.88495564      0.399999976    
         136           7          16   1.88495564      0.500000000    
         137           7          17   1.88495564      0.600000024    
         138           7          18   1.88495564      0.700000048    
         139           7          19   1.88495564      0.799999952    
         140           7          20   1.88495564      0.899999976    
         141           8           1   2.19911504      -1.00000000    
         142           8           2   2.19911504     -0.899999976    
         143           8           3   2.19911504     -0.800000012    
         144           8           4   2.19911504     -0.699999988    
         145           8           5   2.19911504     -0.600000024    
         146           8           6   2.19911504     -0.500000000    
         147           8           7   2.19911504     -0.399999976    
         148           8           8   2.19911504     -0.300000012    
         149           8           9   2.19911504     -0.199999988    
         150           8          10   2.19911504     -0.100000024    
         151           8          11   2.19911504       0.00000000    
         152           8          12   2.19911504      0.100000024    
         153           8          13   2.19911504      0.200000048    
         154           8          14   2.19911504      0.299999952    
         155           8          15   2.19911504      0.399999976    
         156           8          16   2.19911504      0.500000000    
         157           8          17   2.19911504      0.600000024    
         158           8          18   2.19911504      0.700000048    
         159           8          19   2.19911504      0.799999952    
         160           8          20   2.19911504      0.899999976    
         161           9           1   2.51327419      -1.00000000    
         162           9           2   2.51327419     -0.899999976    
         163           9           3   2.51327419     -0.800000012    
         164           9           4   2.51327419     -0.699999988    
         165           9           5   2.51327419     -0.600000024    
         166           9           6   2.51327419     -0.500000000    
         167           9           7   2.51327419     -0.399999976    
         168           9           8   2.51327419     -0.300000012    
         169           9           9   2.51327419     -0.199999988    
         170           9          10   2.51327419     -0.100000024    
         171           9          11   2.51327419       0.00000000    
         172           9          12   2.51327419      0.100000024    
         173           9          13   2.51327419      0.200000048    
         174           9          14   2.51327419      0.299999952    
         175           9          15   2.51327419      0.399999976    
         176           9          16   2.51327419      0.500000000    
         177           9          17   2.51327419      0.600000024    
         178           9          18   2.51327419      0.700000048    
         179           9          19   2.51327419      0.799999952    
         180           9          20   2.51327419      0.899999976    
         181          10           1   2.82743335      -1.00000000    
         182          10           2   2.82743335     -0.899999976    
         183          10           3   2.82743335     -0.800000012    
         184          10           4   2.82743335     -0.699999988    
         185          10           5   2.82743335     -0.600000024    
         186          10           6   2.82743335     -0.500000000    
         187          10           7   2.82743335     -0.399999976    
         188          10           8   2.82743335     -0.300000012    
         189          10           9   2.82743335     -0.199999988    
         190          10          10   2.82743335     -0.100000024    
         191          10          11   2.82743335       0.00000000    
         192          10          12   2.82743335      0.100000024    
         193          10          13   2.82743335      0.200000048    
         194          10          14   2.82743335      0.299999952    
         195          10          15   2.82743335      0.399999976    
         196          10          16   2.82743335      0.500000000    
         197          10          17   2.82743335      0.600000024    
         198          10          18   2.82743335      0.700000048    
         199          10          19   2.82743335      0.799999952    
         200          10          20   2.82743335      0.899999976    
         201          11           1   3.14159274      -1.00000000    
         202          11           2   3.14159274     -0.899999976    
         203          11           3   3.14159274     -0.800000012    
         204          11           4   3.14159274     -0.699999988    
         205          11           5   3.14159274     -0.600000024    
         206          11           6   3.14159274     -0.500000000    
         207          11           7   3.14159274     -0.399999976    
         208          11           8   3.14159274     -0.300000012    
         209          11           9   3.14159274     -0.199999988    
         210          11          10   3.14159274     -0.100000024    
         211          11          11   3.14159274       0.00000000    
         212          11          12   3.14159274      0.100000024    
         213          11          13   3.14159274      0.200000048    
         214          11          14   3.14159274      0.299999952    
         215          11          15   3.14159274      0.399999976    
         216          11          16   3.14159274      0.500000000    
         217          11          17   3.14159274      0.600000024    
         218          11          18   3.14159274      0.700000048    
         219          11          19   3.14159274      0.799999952    
         220          11          20   3.14159274      0.899999976    
         221          12           1   3.45575213      -1.00000000    
         222          12           2   3.45575213     -0.899999976    
         223          12           3   3.45575213     -0.800000012    
         224          12           4   3.45575213     -0.699999988    
         225          12           5   3.45575213     -0.600000024    
         226          12           6   3.45575213     -0.500000000    
         227          12           7   3.45575213     -0.399999976    
         228          12           8   3.45575213     -0.300000012    
         229          12           9   3.45575213     -0.199999988    
         230          12          10   3.45575213     -0.100000024    
         231          12          11   3.45575213       0.00000000    
         232          12          12   3.45575213      0.100000024    
         233          12          13   3.45575213      0.200000048    
         234          12          14   3.45575213      0.299999952    
         235          12          15   3.45575213      0.399999976    
         236          12          16   3.45575213      0.500000000    
         237          12          17   3.45575213      0.600000024    
         238          12          18   3.45575213      0.700000048    
         239          12          19   3.45575213      0.799999952    
         240          12          20   3.45575213      0.899999976    
         241          13           1   3.76991129      -1.00000000    
         242          13           2   3.76991129     -0.899999976    
         243          13           3   3.76991129     -0.800000012    
         244          13           4   3.76991129     -0.699999988    
         245          13           5   3.76991129     -0.600000024    
         246          13           6   3.76991129     -0.500000000    
         247          13           7   3.76991129     -0.399999976    
         248          13           8   3.76991129     -0.300000012    
         249          13           9   3.76991129     -0.199999988    
         250          13          10   3.76991129     -0.100000024    
         251          13          11   3.76991129       0.00000000    
         252          13          12   3.76991129      0.100000024    
         253          13          13   3.76991129      0.200000048    
         254          13          14   3.76991129      0.299999952    
         255          13          15   3.76991129      0.399999976    
         256          13          16   3.76991129      0.500000000    
         257          13          17   3.76991129      0.600000024    
         258          13          18   3.76991129      0.700000048    
         259          13          19   3.76991129      0.799999952    
         260          13          20   3.76991129      0.899999976    
         261          14           1   4.08407068      -1.00000000    
         262          14           2   4.08407068     -0.899999976    
         263          14           3   4.08407068     -0.800000012    
         264          14           4   4.08407068     -0.699999988    
         265          14           5   4.08407068     -0.600000024    
         266          14           6   4.08407068     -0.500000000    
         267          14           7   4.08407068     -0.399999976    
         268          14           8   4.08407068     -0.300000012    
         269          14           9   4.08407068     -0.199999988    
         270          14          10   4.08407068     -0.100000024    
         271          14          11   4.08407068       0.00000000    
         272          14          12   4.08407068      0.100000024    
         273          14          13   4.08407068      0.200000048    
         274          14          14   4.08407068      0.299999952    
         275          14          15   4.08407068      0.399999976    
         276          14          16   4.08407068      0.500000000    
         277          14          17   4.08407068      0.600000024    
         278          14          18   4.08407068      0.700000048    
         279          14          19   4.08407068      0.799999952    
         280          14          20   4.08407068      0.899999976    
         281          15           1   4.39823008      -1.00000000    
         282          15           2   4.39823008     -0.899999976    
         283          15           3   4.39823008     -0.800000012    
         284          15           4   4.39823008     -0.699999988    
         285          15           5   4.39823008     -0.600000024    
         286          15           6   4.39823008     -0.500000000    
         287          15           7   4.39823008     -0.399999976    
         288          15           8   4.39823008     -0.300000012    
         289          15           9   4.39823008     -0.199999988    
         290          15          10   4.39823008     -0.100000024    
         291          15          11   4.39823008       0.00000000    
         292          15          12   4.39823008      0.100000024    
         293          15          13   4.39823008      0.200000048    
         294          15          14   4.39823008      0.299999952    
         295          15          15   4.39823008      0.399999976    
         296          15          16   4.39823008      0.500000000    
         297          15          17   4.39823008      0.600000024    
         298          15          18   4.39823008      0.700000048    
         299          15          19   4.39823008      0.799999952    
         300          15          20   4.39823008      0.899999976    
         301          16           1   4.71238899      -1.00000000    
         302          16           2   4.71238899     -0.899999976    
         303          16           3   4.71238899     -0.800000012    
         304          16           4   4.71238899     -0.699999988    
         305          16           5   4.71238899     -0.600000024    
         306          16           6   4.71238899     -0.500000000    
         307          16           7   4.71238899     -0.399999976    
         308          16           8   4.71238899     -0.300000012    
         309          16           9   4.71238899     -0.199999988    
         310          16          10   4.71238899     -0.100000024    
         311          16          11   4.71238899       0.00000000    
         312          16          12   4.71238899      0.100000024    
         313          16          13   4.71238899      0.200000048    
         314          16          14   4.71238899      0.299999952    
         315          16          15   4.71238899      0.399999976    
         316          16          16   4.71238899      0.500000000    
         317          16          17   4.71238899      0.600000024    
         318          16          18   4.71238899      0.700000048    
         319          16          19   4.71238899      0.799999952    
         320          16          20   4.71238899      0.899999976    
         321          17           1   5.02654839      -1.00000000    
         322          17           2   5.02654839     -0.899999976    
         323          17           3   5.02654839     -0.800000012    
         324          17           4   5.02654839     -0.699999988    
         325          17           5   5.02654839     -0.600000024    
         326          17           6   5.02654839     -0.500000000    
         327          17           7   5.02654839     -0.399999976    
         328          17           8   5.02654839     -0.300000012    
         329          17           9   5.02654839     -0.199999988    
         330          17          10   5.02654839     -0.100000024    
         331          17          11   5.02654839       0.00000000    
         332          17          12   5.02654839      0.100000024    
         333          17          13   5.02654839      0.200000048    
         334          17          14   5.02654839      0.299999952    
         335          17          15   5.02654839      0.399999976    
         336          17          16   5.02654839      0.500000000    
         337          17          17   5.02654839      0.600000024    
         338          17          18   5.02654839      0.700000048    
         339          17          19   5.02654839      0.799999952    
         340          17          20   5.02654839      0.899999976    
         341          18           1   5.34070778      -1.00000000    
         342          18           2   5.34070778     -0.899999976    
         343          18           3   5.34070778     -0.800000012    
         344          18           4   5.34070778     -0.699999988    
         345          18           5   5.34070778     -0.600000024    
         346          18           6   5.34070778     -0.500000000    
         347          18           7   5.34070778     -0.399999976    
         348          18           8   5.34070778     -0.300000012    
         349          18           9   5.34070778     -0.199999988    
         350          18          10   5.34070778     -0.100000024    
         351          18          11   5.34070778       0.00000000    
         352          18          12   5.34070778      0.100000024    
         353          18          13   5.34070778      0.200000048    
         354          18          14   5.34070778      0.299999952    
         355          18          15   5.34070778      0.399999976    
         356          18          16   5.34070778      0.500000000    
         357          18          17   5.34070778      0.600000024    
         358          18          18   5.34070778      0.700000048    
         359          18          19   5.34070778      0.799999952    
         360          18          20   5.34070778      0.899999976    
         361          19           1   5.65486670      -1.00000000    
         362          19           2   5.65486670     -0.899999976    
         363          19           3   5.65486670     -0.800000012    
         364          19           4   5.65486670     -0.699999988    
         365          19           5   5.65486670     -0.600000024    
         366          19           6   5.65486670     -0.500000000    
         367          19           7   5.65486670     -0.399999976    
         368          19           8   5.65486670     -0.300000012    
         369          19           9   5.65486670     -0.199999988    
         370          19          10   5.65486670     -0.100000024    
         371          19          11   5.65486670       0.00000000    
         372          19          12   5.65486670      0.100000024    
         373          19          13   5.65486670      0.200000048    
         374          19          14   5.65486670      0.299999952    
         375          19          15   5.65486670      0.399999976    
         376          19          16   5.65486670      0.500000000    
         377          19          17   5.65486670      0.600000024    
         378          19          18   5.65486670      0.700000048    
         379          19          19   5.65486670      0.799999952    
         380          19          20   5.65486670      0.899999976    
         381          20           1   5.96902609      -1.00000000    
         382          20           2   5.96902609     -0.899999976    
         383          20           3   5.96902609     -0.800000012    
         384          20           4   5.96902609     -0.699999988    
         385          20           5   5.96902609     -0.600000024    
         386          20           6   5.96902609     -0.500000000    
         387          20           7   5.96902609     -0.399999976    
         388          20           8   5.96902609     -0.300000012    
         389          20           9   5.96902609     -0.199999988    
         390          20          10   5.96902609     -0.100000024    
         391          20          11   5.96902609       0.00000000    
         392          20          12   5.96902609      0.100000024    
         393          20          13   5.96902609      0.200000048    
         394          20          14   5.96902609      0.299999952    
         395          20          15   5.96902609      0.399999976    
         396          20          16   5.96902609      0.500000000    
         397          20          17   5.96902609      0.600000024    
         398          20          18   5.96902609      0.700000048    
         399          20          19   5.96902609      0.799999952    
         400          20          20   5.96902609      0.899999976    
